[sim-server] launching external engine (world=ExampleLevel, visible)
[custom-engine] launching (visible):
  "C:/Program Files/Epic Games/UE_5.3/Engine/Binaries/Win64/UnrealEditor.exe" C:/Users/andrea.bedei3/Desktop/Holo/MondoTest/HoloOcean/engine/Holodeck.uproject /Game/ExampleLevel -game -NoLiveCoding -windowed -ResX=1280 -ResY=720 -TicksPerSec=30 -FramesPerSec=30 -abslog=C:\Users\andrea.bedei3\Desktop\HoloObstacleAvoidance\logs\ue_custom_engine.log
[sim-server] attaching to 'ExampleLevel' as agent 'auv0' (HoveringAUV)
[custom-engine] engine still loading; retrying in 5s
[custom-engine] engine still loading; retrying in 5s
[custom-engine] engine still loading; retrying in 5s
[custom-engine] engine still loading; retrying in 5s
[custom-engine] engine still loading; retrying in 5s
[custom-engine] engine still loading; retrying in 5s
[custom-engine] engine still loading; retrying in 5s
[custom-engine] engine still loading; retrying in 5s
[custom-engine] engine still loading; retrying in 5s
[custom-engine] engine still loading; retrying in 5s
[custom-engine] engine still loading; retrying in 5s
[custom-engine] engine still loading; retrying in 5s
[custom-engine] engine still loading; retrying in 5s
[custom-engine] engine still loading; retrying in 5s
[custom-engine] engine still loading; retrying in 5s
[custom-engine] engine still loading; retrying in 5s
[custom-engine] engine still loading; retrying in 5s
[custom-engine] engine still loading; retrying in 5s
[custom-engine] engine still loading; retrying in 5s
[custom-engine] engine still loading; retrying in 5s
[custom-engine] engine still loading; retrying in 5s
[custom-engine] engine still loading; retrying in 5s
[custom-engine] engine still loading; retrying in 5s
[custom-engine] engine still loading; retrying in 5s
[custom-engine] engine still loading; retrying in 5s
[custom-engine] engine still loading; retrying in 5s
[custom-engine] engine still loading; retrying in 5s
[custom-engine] engine still loading; retrying in 5s
[custom-engine] engine still loading; retrying in 5s
[custom-engine] engine still loading; retrying in 5s
[custom-engine] engine still loading; retrying in 5s
[custom-engine] engine still loading; retrying in 5s
[custom-engine] engine still loading; retrying in 5s
[custom-engine] engine still loading; retrying in 5s
[custom-engine] engine still loading; retrying in 5s
[custom-engine] engine still loading; retrying in 5s
[custom-engine] engine still loading; retrying in 5s
[custom-engine] engine still loading; retrying in 5s
[custom-engine] engine still loading; retrying in 5s
[custom-engine] engine still loading; retrying in 5s
[custom-engine] engine still loading; retrying in 5s
[custom-engine] engine still loading; retrying in 5s
[custom-engine] engine still loading; retrying in 5s
[custom-engine] engine still loading; retrying in 5s
[custom-engine] engine still loading; retrying in 5s
[custom-engine] engine still loading; retrying in 5s
[custom-engine] engine still loading; retrying in 5s
[custom-engine] engine still loading; retrying in 5s
[custom-engine] engine still loading; retrying in 5s
[custom-engine] engine still loading; retrying in 5s
[custom-engine] engine still loading; retrying in 5s
[custom-engine] engine still loading; retrying in 5s
[custom-engine] engine still loading; retrying in 5s
[custom-engine] engine still loading; retrying in 5s
[custom-engine] engine still loading; retrying in 5s
[custom-engine] engine still loading; retrying in 5s
[custom-engine] engine still loading; retrying in 5s
[custom-engine] engine still loading; retrying in 5s
[custom-engine] engine still loading; retrying in 5s
[custom-engine] engine still loading; retrying in 5s
[custom-engine] engine still loading; retrying in 5s
[custom-engine] engine still loading; retrying in 5s
[custom-engine] engine still loading; retrying in 5s
[custom-engine] engine still loading; retrying in 5s
[custom-engine] engine still loading; retrying in 5s
[custom-engine] engine still loading; retrying in 5s
[custom-engine] engine still loading; retrying in 5s
[custom-engine] engine still loading; retrying in 5s
[custom-engine] engine still loading; retrying in 5s
[custom-engine] engine still loading; retrying in 5s
[custom-engine] engine still loading; retrying in 5s
[custom-engine] engine still loading; retrying in 5s
[custom-engine] engine still loading; retrying in 5s
[custom-engine] engine still loading; retrying in 5s
[custom-engine] engine still loading; retrying in 5s
[custom-engine] engine still loading; retrying in 5s
[custom-engine] engine still loading; retrying in 5s
[custom-engine] engine still loading; retrying in 5s
[custom-engine] engine still loading; retrying in 5s
[custom-engine] engine still loading; retrying in 5s
[custom-engine] engine still loading; retrying in 5s
[custom-engine] engine still loading; retrying in 5s
[custom-engine] engine still loading; retrying in 5s
[custom-engine] engine still loading; retrying in 5s
[custom-engine] engine still loading; retrying in 5s
[custom-engine] engine still loading; retrying in 5s
[custom-engine] engine still loading; retrying in 5s
[custom-engine] engine still loading; retrying in 5s
[custom-engine] engine still loading; retrying in 5s
[custom-engine] engine still loading; retrying in 5s
[custom-engine] engine still loading; retrying in 5s
[custom-engine] engine still loading; retrying in 5s
[custom-engine] engine still loading; retrying in 5s
[custom-engine] engine still loading; retrying in 5s
[custom-engine] engine still loading; retrying in 5s
[custom-engine] engine still loading; retrying in 5s
[custom-engine] engine still loading; retrying in 5s
[custom-engine] engine still loading; retrying in 5s
[custom-engine] engine still loading; retrying in 5s
[custom-engine] engine still loading; retrying in 5s
[custom-engine] engine still loading; retrying in 5s
[custom-engine] engine still loading; retrying in 5s
[custom-engine] engine still loading; retrying in 5s
[custom-engine] engine still loading; retrying in 5s
[custom-engine] engine still loading; retrying in 5s
[custom-engine] engine still loading; retrying in 5s
[custom-engine] engine still loading; retrying in 5s
[custom-engine] engine still loading; retrying in 5s
[custom-engine] engine still loading; retrying in 5s
[custom-engine] engine still loading; retrying in 5s
[custom-engine] engine still loading; retrying in 5s
[custom-engine] engine still loading; retrying in 5s
[custom-engine] engine still loading; retrying in 5s
[custom-engine] engine still loading; retrying in 5s
[custom-engine] engine still loading; retrying in 5s
[custom-engine] engine still loading; retrying in 5s
[custom-engine] engine still loading; retrying in 5s
[custom-engine] engine still loading; retrying in 5s
[custom-engine] engine still loading; retrying in 5s
[custom-engine] engine still loading; retrying in 5s
